This is pdfTeX, Version 3.14159265-2.6-1.40.21 (MiKTeX 20.11) (preloaded format=pdflatex 2020.11.16)  16 NOV 2020 19:10
entering extended mode
**g:/project/ISPRS/table/table.tex
(g:/project/ISPRS/table/table.tex
LaTeX2e <2020-10-01> patch level 2
L3 programming layer <2020-10-27> xparse <2020-03-03> (F:\MiKTeX\tex/latex/base\article.cls
Document Class: article 2020/04/10 v1.4m Standard LaTeX document class
(F:\MiKTeX\tex/latex/base\size10.clo
File: size10.clo 2020/04/10 v1.4m Standard LaTeX file (size option)
)
\c@part=\count175
\c@section=\count176
\c@subsection=\count177
\c@subsubsection=\count178
\c@paragraph=\count179
\c@subparagraph=\count180
\c@figure=\count181
\c@table=\count182
\abovecaptionskip=\skip47
\belowcaptionskip=\skip48
\bibindent=\dimen138
) (F:\MiKTeX\tex/latex/base\inputenc.sty
Package: inputenc 2020/08/01 v1.3d Input encoding file
\inpenc@prehook=\toks15
\inpenc@posthook=\toks16
) (F:\MiKTeX\tex/latex/tools\tabularx.sty
Package: tabularx 2020/01/15 v2.11c `tabularx' package (DPC)
 (F:\MiKTeX\tex/latex/tools\array.sty
Package: array 2019/08/31 v2.4l Tabular extension package (FMi)
\col@sep=\dimen139
\ar@mcellbox=\box47
\extrarowheight=\dimen140
\NC@list=\toks17
\extratabsurround=\skip49
\backup@length=\skip50
\ar@cellbox=\box48
)
\TX@col@width=\dimen141
\TX@old@table=\dimen142
\TX@old@col=\dimen143
\TX@target=\dimen144
\TX@delta=\dimen145
\TX@cols=\count183
\TX@ftn=\toks18
) (F:\MiKTeX\tex/latex/multirow\multirow.sty
Package: multirow 2019/05/31 v2.5 Span multiple rows of a table
\multirow@colwidth=\skip51
\multirow@cntb=\count184
\multirow@dima=\skip52
\bigstrutjot=\dimen146
) (F:\MiKTeX\tex/latex/tools\longtable.sty
Package: longtable 2020/01/07 v4.13 Multi-page Table package (DPC)
\LTleft=\skip53
\LTright=\skip54
\LTpre=\skip55
\LTpost=\skip56
\LTchunksize=\count185
\LTcapwidth=\dimen147
\LT@head=\box49
\LT@firsthead=\box50
\LT@foot=\box51
\LT@lastfoot=\box52
\LT@cols=\count186
\LT@rows=\count187
\c@LT@tables=\count188
\c@LT@chunks=\count189
\LT@p@ftn=\toks19
) (F:\MiKTeX\tex/latex/makecell\makecell.sty
Package: makecell 2009/08/03 V0.1e Managing of Tab Column Heads and Cells
\rotheadsize=\dimen148
\c@nlinenum=\count190
\TeXr@lab=\toks20
) (F:\MiKTeX\tex/latex/threeparttable\threeparttable.sty
Package: threeparttable 2003/06/13  v 3.0
\@tempboxb=\box53
) (F:\MiKTeX\tex/latex/booktabs\booktabs.sty
Package: booktabs 2020/01/12 v1.61803398 Publication quality tables
\heavyrulewidth=\dimen149
\lightrulewidth=\dimen150
\cmidrulewidth=\dimen151
\belowrulesep=\dimen152
\belowbottomsep=\dimen153
\aboverulesep=\dimen154
\abovetopsep=\dimen155
\cmidrulesep=\dimen156
\cmidrulekern=\dimen157
\defaultaddspace=\dimen158
\@cmidla=\count191
\@cmidlb=\count192
\@aboverulesep=\dimen159
\@belowrulesep=\dimen160
\@thisruleclass=\count193
\@lastruleclass=\count194
\@thisrulewidth=\dimen161
) (F:\MiKTeX\tex/latex/graphics\graphics.sty
Package: graphics 2020/08/30 v1.4c Standard LaTeX Graphics (DPC,SPQR)
 (F:\MiKTeX\tex/latex/graphics\trig.sty
Package: trig 2016/01/03 v1.10 sin cos tan (DPC)
) (F:\MiKTeX\tex/latex/graphics-cfg\graphics.cfg
File: graphics.cfg 2016/06/04 v1.11 sample graphics configuration
)
Package graphics Info: Driver file: pdftex.def on input line 105.
 (F:\MiKTeX\tex/latex/graphics-def\pdftex.def
File: pdftex.def 2020/10/05 v1.2a Graphics/color driver for pdftex
)) (F:\MiKTeX\tex/latex/l3backend\l3backend-pdftex.def
File: l3backend-pdftex.def 2020-09-24 L3 backend support: PDF output (pdfTeX)
\l__kernel_color_stack_int=\count195
\l__pdf_internal_box=\box54
) (g:/project\ISPRS\table\table.aux)
\openout1 = `table.aux'.

LaTeX Font Info:    Checking defaults for OML/cmm/m/it on input line 21.
LaTeX Font Info:    ... okay on input line 21.
LaTeX Font Info:    Checking defaults for OMS/cmsy/m/n on input line 21.
LaTeX Font Info:    ... okay on input line 21.
LaTeX Font Info:    Checking defaults for OT1/cmr/m/n on input line 21.
LaTeX Font Info:    ... okay on input line 21.
LaTeX Font Info:    Checking defaults for T1/cmr/m/n on input line 21.
LaTeX Font Info:    ... okay on input line 21.
LaTeX Font Info:    Checking defaults for TS1/cmr/m/n on input line 21.
LaTeX Font Info:    ... okay on input line 21.
LaTeX Font Info:    Checking defaults for OMX/cmex/m/n on input line 21.
LaTeX Font Info:    ... okay on input line 21.
LaTeX Font Info:    Checking defaults for U/cmr/m/n on input line 21.
LaTeX Font Info:    ... okay on input line 21.
 (F:\MiKTeX\tex/context/base/mkii\supp-pdf.mkii
[Loading MPS to PDF converter (version 2006.09.02).]
\scratchcounter=\count196
\scratchdimen=\dimen162
\scratchbox=\box55
\nofMPsegments=\count197
\nofMParguments=\count198
\everyMPshowfont=\toks21
\MPscratchCnt=\count199
\MPscratchDim=\dimen163
\MPnumerator=\count266
\makeMPintoPDFobject=\count267
\everyMPtoPDFconversion=\toks22
) (F:\MiKTeX\tex/latex/epstopdf-pkg\epstopdf-base.sty
Package: epstopdf-base 2020-01-24 v2.11 Base part for package epstopdf
Package epstopdf-base Info: Redefining graphics rule for `.eps' on input line 485.
)
LaTeX Font Info:    External font `cmex10' loaded for size
(Font)              <12> on input line 23.
LaTeX Font Info:    External font `cmex10' loaded for size
(Font)              <8> on input line 23.
LaTeX Font Info:    External font `cmex10' loaded for size
(Font)              <6> on input line 23.


LaTeX Warning: No positions in optional float specifier.
               Default added (so using `tbp') on input line 28.

LaTeX Font Info:    External font `cmex10' loaded for size
(Font)              <7> on input line 30.
LaTeX Font Info:    External font `cmex10' loaded for size
(Font)              <5> on input line 30.

Underfull \hbox (badness 3492) in paragraph at lines 47--47
[]\OT1/cmr/m/n/10 Table 1: Per-for-mances of co-training and self-training (la-beled data
 []


LaTeX Warning: No positions in optional float specifier.
               Default added (so using `tbp') on input line 51.


Underfull \hbox (badness 3492) in paragraph at lines 70--70
[]\OT1/cmr/m/n/10 Table 2: Per-for-mances of co-training and self-training (la-beled data
 []


LaTeX Warning: No positions in optional float specifier.
               Default added (so using `tbp') on input line 74.


Underfull \hbox (badness 3492) in paragraph at lines 93--93
[]\OT1/cmr/m/n/10 Table 3: Per-for-mances of co-training and self-training (la-beled data
 []


LaTeX Warning: No positions in optional float specifier.
               Default added (so using `tbp') on input line 97.


Underfull \hbox (badness 3492) in paragraph at lines 116--116
[]\OT1/cmr/m/n/10 Table 4: Per-for-mances of co-training and self-training (la-beled data
 []


Overfull \hbox (77.11754pt too wide) in paragraph at lines 122--139
 [] 
 []


Overfull \hbox (77.11754pt too wide) in paragraph at lines 145--162
 [] 
 []


LaTeX Warning: No positions in optional float specifier.
               Default added (so using `tbp') on input line 195.


Overfull \hbox (110.2176pt too wide) in paragraph at lines 197--209
 [] 
 []


LaTeX Warning: No positions in optional float specifier.
               Default added (so using `tbp') on input line 212.


Overfull \hbox (110.2176pt too wide) in paragraph at lines 214--226
 [] 
 []

[1

{C:/Users/Administrator/AppData/Local/MiKTeX/pdftex/config/pdftex.map}] [2] [3] [4] (g:/project\ISPRS\table\table.aux) ) 
Here is how much of TeX's memory you used:
 1638 strings out of 479799
 22604 string characters out of 2886218
 335210 words of memory out of 3000000
 18646 multiletter control sequences out of 15000+200000
 539036 words of font info for 42 fonts, out of 3000000 for 9000
 1141 hyphenation exceptions out of 8191
 52i,10n,59p,267b,257s stack positions out of 5000i,500n,10000p,200000b,50000s
<F:/MiKTeX/fonts/type1/public/amsfonts/cm/cmbx10.pfb><F:/MiKTeX/fonts/type1/public/amsfonts/cm/cmbx12.pfb><F:/MiKTeX/fonts/type1/public/amsfonts/cm/cmex10.pfb><F:/MiKTeX/fonts/type1/public/amsfonts/cm/cmmi10.pfb><F:/MiKTeX/fonts/type1/public/amsfonts/cm/cmmi5.pfb><F:/MiKTeX/fonts/type1/public/amsfonts/cm/cmmi7.pfb><F:/MiKTeX/fonts/type1/public/amsfonts/cm/cmr10.pfb><F:/MiKTeX/fonts/type1/public/amsfonts/cm/cmr12.pfb><F:/MiKTeX/fonts/type1/public/amsfonts/cm/cmr17.pfb><F:/MiKTeX/fonts/type1/public/amsfonts/cm/cmr5.pfb><F:/MiKTeX/fonts/type1/public/amsfonts/cm/cmr7.pfb>
Output written on g:/project\ISPRS\table\table.pdf (4 pages, 116265 bytes).
PDF statistics:
 59 PDF objects out of 1000 (max. 8388607)
 0 named destinations out of 1000 (max. 500000)
 1 words of extra memory for PDF output out of 10000 (max. 10000000)

